<?xml version="1.0" encoding="UTF-8"?>
<!-- Generated by org.testng.reporters.JUnitReportReporter -->
<testsuite hostname="LAPTOP-07AOPQM7" failures="0" tests="6" name="testCases.TC003_LoginDataDrivenTest" time="118.143" errors="0" timestamp="2025-01-07T23:45:16 PST" skipped="0">
  <testcase classname="testCases.TC003_LoginDataDrivenTest" name="loginDDT" time="3.060"/>
  <testcase classname="testCases.TC003_LoginDataDrivenTest" name="loginDDT" time="23.690"/>
  <testcase classname="testCases.TC003_LoginDataDrivenTest" name="loginDDT" time="22.875"/>
  <testcase classname="testCases.TC003_LoginDataDrivenTest" name="loginDDT" time="24.054"/>
  <testcase classname="testCases.TC003_LoginDataDrivenTest" name="loginDDT" time="22.491"/>
  <testcase classname="testCases.TC003_LoginDataDrivenTest" name="loginDDT" time="21.973"/>
</testsuite> <!-- testCases.TC003_LoginDataDrivenTest -->
