<?xml version="1.0" encoding="UTF-8"?>
<!-- Generated by org.testng.reporters.JUnitReportReporter -->
<testsuite hostname="LAPTOP-07AOPQM7" failures="0" tests="1" name="testCases.TC001_AccountRegistrationTest" time="3.548" errors="0" timestamp="2025-01-28T20:22:21 PST" skipped="0">
  <testcase classname="testCases.TC001_AccountRegistrationTest" name="registrationTest" time="3.548"/>
</testsuite> <!-- testCases.TC001_AccountRegistrationTest -->
